#
# A fatal error has been detected by the Java Runtime Environment:
#
#  SIGSEGV (0xb) at pc=0x0000000126e3d381, pid=91243, tid=1811
#
# JRE version: Java(TM) SE Runtime Environment (8.0_20-b26) (build 1.8.0_20-b26)
# Java VM: Java HotSpot(TM) 64-Bit Server VM (25.20-b23 mixed mode bsd-amd64 compressed oops)
# Problematic frame:
# C  [libglass.dylib+0x16381]  GlassScreenDidChangeScreenParameters+0x21
#
# Failed to write core dump. Core dumps have been disabled. To enable core dumping, try "ulimit -c unlimited" before starting Java again
#
# If you would like to submit a bug report, please visit:
#   http://bugreport.sun.com/bugreport/crash.jsp
#

---------------  T H R E A D  ---------------

Current thread is native thread

siginfo: si_signo: 11 (SIGSEGV), si_code: 1 (SEGV_MAPERR), si_addr: 0x0000000000000000

Registers:
RAX=0x0000000126e6fd48, RBX=0x0000000000000000, RCX=0x4a00e124bfdfc394, RDX=0x00007fff754fc1f8
RSP=0x00007fff52b482d0, RBP=0x00007fff52b482e0, RSI=0x00007ffc2b529cc8, RDI=0x0000000000000000
R8 =0x00007fff52b48180, R9 =0x00007fff75e98300, R10=0x0000000000000000, R11=0x0000000000000246
R12=0x00007ffc2b402cc0, R13=0x00000000000f426a, R14=0x00007ffc2b5bb0f0, R15=0x00007fff52b48420
RIP=0x0000000126e3d381, EFLAGS=0x0000000000010246, ERR=0x0000000000000004
  TRAPNO=0x000000000000000e

Top of Stack: (sp=0x00007fff52b482d0)
0x00007fff52b482d0:   00007fff52b484b0 00007ffc2b5bb0f0
0x00007fff52b482e0:   00007fff52b482f0 00007fff8981845c
0x00007fff52b482f0:   00007fff52b48650 00007fff89708634
0x00007fff52b48300:   00007fff52b48350 0000000000000a00
0x00007fff52b48310:   00007fff75555ed0 00007ffc2b537820
0x00007fff52b48320:   0000000000001001 0000000000000288
0x00007fff52b48330:   00007ffc2b537820 00007ffc2b5bb0f0
0x00007fff52b48340:   0000000000000000 00007fff52b48420
0x00007fff52b48350:   0000000000000000 00007ffc2b5bb0b0
0x00007fff52b48360:   00007fff52b484a0 000000000000001b
0x00007fff52b48370:   00000000000f4288 00007ffc2b643bc0
0x00007fff52b48380:   00007ffc2b427f00 00007ffc2b402cc0
0x00007fff52b48390:   0000000000000001 00000000000f426a
0x00007fff52b483a0:   00007ffc2b402cb0 00007fff9099ab90
0x00007fff52b483b0:   0000000000000001 0000000000000001
0x00007fff52b483c0:   0000000000000030 0000000000000001
0x00007fff52b483d0:   00007fff52b483f0 00007fff9099b546
0x00007fff52b483e0:   00007fff75553fb0 0000000000000000
0x00007fff52b483f0:   00007fff52b48410 0000000000000002
0x00007fff52b48400:   000031032b5adfb0 00007ffc2b402ce4
0x00007fff52b48410:   0000000000000000 00007fff896fe10f
0x00007fff52b48420:   00007ffc2b5bb0f0 00007fff75553fb0
0x00007fff52b48430:   00007fff52b484b0 0000000000000001
0x00007fff52b48440:   00007fff52b48480 00007fff90998dd2
0x00007fff52b48450:   000000010d0d2a00 0000000000000002
0x00007fff52b48460:   000000010d0cf000 00007ffc2b611382
0x00007fff52b48470:   0000000000000003 000000010d0d3400
0x00007fff52b48480:   00007fff52b48570 00007fff90997b36
0x00007fff52b48490:   00007ffc2b58fec0 00007fff52b48658
0x00007fff52b484a0:   0000000000000017 0000000000000000
0x00007fff52b484b0:   00000000000f426a 00007fff896fe403
0x00007fff52b484c0:   00007fff00000000 00007ffc2b7240a0 

Instructions: (pc=0x0000000126e3d381)
0x0000000126e3d361:   48 89 e5 41 56 53 48 8d 05 d2 2a 03 00 48 83 38
0x0000000126e3d371:   00 48 89 fb 75 72 48 8d 05 ca 29 03 00 48 8b 30
0x0000000126e3d381:   48 8b 03 48 8d 15 7c 99 01 00 48 8d 0d 5e 6f 01
0x0000000126e3d391:   00 48 89 df ff 90 88 03 00 00 48 8d 0d 9e 2a 03 

Register to memory mapping:

RAX=0x0000000126e6fd48: jScreenClass+0 in /Library/Java/JavaVirtualMachines/jdk1.8.0_20.jdk/Contents/Home/jre/lib/libglass.dylib at 0x0000000126e27000
RBX=0x0000000000000000 is an unknown value
RCX=0x4a00e124bfdfc394 is an unknown value
RDX=0x00007fff754fc1f8: __sFX+0x1c8 in /usr/lib/system/libsystem_c.dylib at 0x00007fff89644000
RSP=0x00007fff52b482d0 is an unknown value
RBP=0x00007fff52b482e0 is an unknown value
RSI=0x00007ffc2b529cc8 is a global jni handle
RDI=0x0000000000000000 is an unknown value
R8 =0x00007fff52b48180 is an unknown value
R9 =0x00007fff75e98300: _thread+0 in /usr/lib/system/libsystem_pthread.dylib at 0x00007fff8d6cb000
R10=0x0000000000000000 is an unknown value
R11=0x0000000000000246 is an unknown value
R12=0x00007ffc2b402cc0 is an unknown value
R13=0x00000000000f426a is an unknown value
R14=0x00007ffc2b5bb0f0 is an unknown value
R15=0x00007fff52b48420 is an unknown value


Stack: [0x00007fff5234b000,0x00007fff52b4b000],  sp=0x00007fff52b482d0,  free space=8180k
Native frames: (J=compiled Java code, j=interpreted, Vv=VM code, C=native code)
C  [libglass.dylib+0x16381]  GlassScreenDidChangeScreenParameters+0x21
C  [CoreFoundation+0x12045c]  __CFNOTIFICATIONCENTER_IS_CALLING_OUT_TO_AN_OBSERVER__+0xc
C  [CoreFoundation+0x10634]  _CFXNotificationPost+0xc44
C  [Foundation+0x79d1]  -[NSNotificationCenter postNotificationName:object:userInfo:]+0x42
C  [AppKit+0x40de7e]  -[NSApplication _reactToScreenInvalidationImmediately:]+0x17b
C  [AppKit+0x40dcc7]  __44-[NSApplication _reactToScreenInvalidation:]_block_invoke+0x4b
C  [CoreFoundation+0x808ec]  __CFRUNLOOP_IS_CALLING_OUT_TO_A_BLOCK__+0xc
C  [CoreFoundation+0x729f5]  __CFRunLoopDoBlocks+0x155
C  [CoreFoundation+0x72536]  __CFRunLoopRun+0x716
C  [CoreFoundation+0x71bd8]  CFRunLoopRunSpecific+0x128
C  [java+0x56cc]  CreateExecutionEnvironment+0x367
C  [java+0x165c]  JLI_Launch+0x7a0
C  [java+0x768a]  main+0x65
C  [java+0xeb4]  start+0x34


---------------  P R O C E S S  ---------------

VM state:at safepoint (normal execution)

VM Mutex/Monitor currently owned by a thread:  ([mutex/lock_event])
[0x00007ffc2b51d2f0] Threads_lock - owner thread: 0x00007ffc2c01e000

Heap:
 PSYoungGen      total 38400K, used 12513K [0x0000000795580000, 0x0000000798000000, 0x00000007c0000000)
  eden space 33280K, 37% used [0x0000000795580000,0x00000007961b8520,0x0000000797600000)
  from space 5120K, 0% used [0x0000000797b00000,0x0000000797b00000,0x0000000798000000)
  to   space 5120K, 0% used [0x0000000797600000,0x0000000797600000,0x0000000797b00000)
 ParOldGen       total 87552K, used 0K [0x0000000740000000, 0x0000000745580000, 0x0000000795580000)
  object space 87552K, 0% used [0x0000000740000000,0x0000000740000000,0x0000000745580000)
 Metaspace       used 7235K, capacity 7484K, committed 7680K, reserved 1056768K
  class space    used 867K, capacity 967K, committed 1024K, reserved 1048576K

Card table byte_map: [0x000000011de12000,0x000000011e213000] byte_map_base: 0x000000011a412000

Marking Bits: (ParMarkBitMap*) 0x000000010e29c330
 Begin Bits: [0x000000011e8ca000, 0x00000001208ca000)
 End Bits:   [0x00000001208ca000, 0x00000001228ca000)

Polling page: 0x000000010d1d8000

CodeCache: size=245760Kb used=2160Kb max_used=2160Kb free=243599Kb
 bounds [0x000000010ea52000, 0x000000010ecc2000, 0x000000011da52000]
 total_blobs=862 nmethods=480 adapters=297
 compilation: enabled

Compilation events (10 events):
Event: 0.628 Thread 0x00007ffc2b80c800  476       3       java.security.CodeSource::equals (60 bytes)
Event: 0.629 Thread 0x00007ffc2b80c800 nmethod 476 0x000000010ec686d0 code [0x000000010ec68880, 0x000000010ec69058]
Event: 0.629 Thread 0x00007ffc2b80c800  477       3       java.net.URLStreamHandler::sameFile (136 bytes)
Event: 0.630 Thread 0x00007ffc2b80c800 nmethod 477 0x000000010ec6ac90 code [0x000000010ec6ae80, 0x000000010ec6bec8]
Event: 0.630 Thread 0x00007ffc2b80c800  478       3       sun.net.www.protocol.file.Handler::hostsEqual (69 bytes)
Event: 0.631 Thread 0x00007ffc2b80c800 nmethod 478 0x000000010ec67c10 code [0x000000010ec67de0, 0x000000010ec68528]
Event: 0.632 Thread 0x00007ffc2b80c800  479       3       java.net.URLStreamHandler::hostsEqual (75 bytes)
Event: 0.632 Thread 0x00007ffc2b80c800 nmethod 479 0x000000010ec6c750 code [0x000000010ec6c920, 0x000000010ec6d298]
Event: 0.632 Thread 0x00007ffc2b80c800  480       3       java.security.CodeSource::matchCerts (254 bytes)
Event: 0.634 Thread 0x00007ffc2b80c800 nmethod 480 0x000000010ec6d490 code [0x000000010ec6d6a0, 0x000000010ec6e238]

GC Heap History (0 events):
No events

Deoptimization events (0 events):
No events

Internal exceptions (10 events):
Event: 0.187 Thread 0x00007ffc2c800800 Exception <a 'java/lang/NoSuchFieldError': method resolution failed> (0x000000079587a928) thrown at [/HUDSON3/workspace/8-2-build-macosx-x86_64/jdk8u20/1074/hotspot/src/share/vm/prims/methodHandles.cpp, line 1159]
Event: 0.189 Thread 0x00007ffc2c800800 Exception <a 'java/lang/NoSuchFieldError': method resolution failed> (0x000000079587da88) thrown at [/HUDSON3/workspace/8-2-build-macosx-x86_64/jdk8u20/1074/hotspot/src/share/vm/prims/methodHandles.cpp, line 1159]
Event: 0.213 Thread 0x00007ffc2c800800 Exception <a 'java/security/PrivilegedActionException'> (0x00000007958cfa08) thrown at [/HUDSON3/workspace/8-2-build-macosx-x86_64/jdk8u20/1074/hotspot/src/share/vm/prims/jvm.cpp, line 1275]
Event: 0.213 Thread 0x00007ffc2c800800 Exception <a 'java/security/PrivilegedActionException'> (0x00000007958cfbc0) thrown at [/HUDSON3/workspace/8-2-build-macosx-x86_64/jdk8u20/1074/hotspot/src/share/vm/prims/jvm.cpp, line 1275]
Event: 0.213 Thread 0x00007ffc2c800800 Exception <a 'java/security/PrivilegedActionException'> (0x00000007958d2db0) thrown at [/HUDSON3/workspace/8-2-build-macosx-x86_64/jdk8u20/1074/hotspot/src/share/vm/prims/jvm.cpp, line 1275]
Event: 0.214 Thread 0x00007ffc2c800800 Exception <a 'java/security/PrivilegedActionException'> (0x00000007958d2f68) thrown at [/HUDSON3/workspace/8-2-build-macosx-x86_64/jdk8u20/1074/hotspot/src/share/vm/prims/jvm.cpp, line 1275]
Event: 0.214 Thread 0x00007ffc2c800800 Exception <a 'java/lang/NullPointerException'> (0x00000007958d4880) thrown at [/HUDSON3/workspace/8-2-build-macosx-x86_64/jdk8u20/1074/hotspot/src/share/vm/interpreter/linkResolver.cpp, line 1166]
Event: 0.586 Thread 0x00007ffc2c11b000 Exception <a 'java/security/PrivilegedActionException'> (0x0000000796182028) thrown at [/HUDSON3/workspace/8-2-build-macosx-x86_64/jdk8u20/1074/hotspot/src/share/vm/prims/jvm.cpp, line 1275]
Event: 0.586 Thread 0x00007ffc2c11b000 Exception <a 'java/lang/NullPointerException'> (0x0000000796183cf0) thrown at [/HUDSON3/workspace/8-2-build-macosx-x86_64/jdk8u20/1074/hotspot/src/share/vm/interpreter/linkResolver.cpp, line 1166]
Event: 0.595 Thread 0x00007ffc2c800800 Exception <a 'java/lang/reflect/InvocationTargetException'> (0x0000000795b94ac8) thrown at [/HUDSON3/workspace/8-2-build-macosx-x86_64/jdk8u20/1074/hotspot/src/share/vm/runtime/reflection.cpp, line 1079]

Events (10 events):
Event: 0.632 loading class java/util/Formatter$Flags done
Event: 0.632 loading class java/util/Formatter$Conversion
Event: 0.632 loading class java/util/Formatter$Conversion done
Event: 0.634 loading class java/util/Formattable
Event: 0.634 loading class java/util/Formattable done
Event: 0.634 loading class java/util/IdentityHashMap$KeyIterator
Event: 0.634 loading class java/util/IdentityHashMap$IdentityHashMapIterator
Event: 0.634 loading class java/util/IdentityHashMap$IdentityHashMapIterator done
Event: 0.634 loading class java/util/IdentityHashMap$KeyIterator done
Event: 0.634 Executing VM operation: Exit


Dynamic libraries:
0x00000000048d1000 	/System/Library/Frameworks/Cocoa.framework/Versions/A/Cocoa
0x00000000048d1000 	/System/Library/Frameworks/Security.framework/Versions/A/Security
0x00000000048d1000 	/System/Library/Frameworks/ApplicationServices.framework/Versions/A/ApplicationServices
0x00000000048d1000 	/usr/lib/libz.1.dylib
0x00000000048d1000 	/usr/lib/libSystem.B.dylib
0x00000000048d1000 	/usr/lib/libobjc.A.dylib
0x00000000048d1000 	/System/Library/Frameworks/CoreFoundation.framework/Versions/A/CoreFoundation
0x00000000048d1000 	/System/Library/Frameworks/Foundation.framework/Versions/C/Foundation
0x00000000048d1000 	/System/Library/Frameworks/AppKit.framework/Versions/C/AppKit
0x00000000048d1000 	/System/Library/Frameworks/CoreData.framework/Versions/A/CoreData
0x00000000048d1000 	/System/Library/PrivateFrameworks/RemoteViewServices.framework/Versions/A/RemoteViewServices
0x00000000048d1000 	/System/Library/PrivateFrameworks/UIFoundation.framework/Versions/A/UIFoundation
0x00000000048d1000 	/System/Library/Frameworks/IOSurface.framework/Versions/A/IOSurface
0x00000000048d1000 	/System/Library/Frameworks/AudioToolbox.framework/Versions/A/AudioToolbox
0x00000000048d1000 	/System/Library/Frameworks/AudioUnit.framework/Versions/A/AudioUnit
0x00000000048d1000 	/System/Library/PrivateFrameworks/DataDetectorsCore.framework/Versions/A/DataDetectorsCore
0x00000000048d1000 	/System/Library/PrivateFrameworks/DesktopServicesPriv.framework/Versions/A/DesktopServicesPriv
0x00000000048d1000 	/System/Library/Frameworks/Carbon.framework/Versions/A/Frameworks/HIToolbox.framework/Versions/A/HIToolbox
0x00000000048d1000 	/System/Library/Frameworks/QuartzCore.framework/Versions/A/QuartzCore
0x00000000048d1000 	/System/Library/Frameworks/Carbon.framework/Versions/A/Frameworks/SpeechRecognition.framework/Versions/A/SpeechRecognition
0x00000000048d1000 	/usr/lib/libauto.dylib
0x00000000048d1000 	/usr/lib/libicucore.A.dylib
0x00000000048d1000 	/usr/lib/libxml2.2.dylib
0x00000000048d1000 	/System/Library/PrivateFrameworks/CoreUI.framework/Versions/A/CoreUI
0x00000000048d1000 	/System/Library/Frameworks/CoreAudio.framework/Versions/A/CoreAudio
0x00000000048d1000 	/System/Library/Frameworks/DiskArbitration.framework/Versions/A/DiskArbitration
0x00000000048d1000 	/usr/lib/liblangid.dylib
0x00000000048d1000 	/System/Library/PrivateFrameworks/MultitouchSupport.framework/Versions/A/MultitouchSupport
0x00000000048d1000 	/System/Library/Frameworks/IOKit.framework/Versions/A/IOKit
0x00000000048d1000 	/usr/lib/libDiagnosticMessagesClient.dylib
0x00000000048d1000 	/System/Library/Frameworks/CoreServices.framework/Versions/A/CoreServices
0x00000000048d1000 	/System/Library/PrivateFrameworks/PerformanceAnalysis.framework/Versions/A/PerformanceAnalysis
0x00000000048d1000 	/System/Library/PrivateFrameworks/GenerationalStorage.framework/Versions/A/GenerationalStorage
0x00000000048d1000 	/System/Library/Frameworks/OpenGL.framework/Versions/A/OpenGL
0x00000000048d1000 	/System/Library/PrivateFrameworks/Sharing.framework/Versions/A/Sharing
0x00000000048d1000 	/System/Library/Frameworks/CoreGraphics.framework/Versions/A/CoreGraphics
0x00000000048d1000 	/System/Library/Frameworks/CoreText.framework/Versions/A/CoreText
0x00000000048d1000 	/System/Library/Frameworks/ImageIO.framework/Versions/A/ImageIO
0x00000000048d1000 	/usr/lib/libextension.dylib
0x00000000048d1000 	/System/Library/PrivateFrameworks/Backup.framework/Versions/A/Backup
0x00000000048d1000 	/usr/lib/libarchive.2.dylib
0x00000000048d1000 	/System/Library/Frameworks/CFNetwork.framework/Versions/A/CFNetwork
0x00000000048d1000 	/System/Library/Frameworks/SystemConfiguration.framework/Versions/A/SystemConfiguration
0x00000000048d1000 	/usr/lib/libCRFSuite.dylib
0x00000000048d1000 	/usr/lib/libc++.1.dylib
0x00000000048d1000 	/usr/lib/libc++abi.dylib
0x00000000048d1000 	/usr/lib/system/libcache.dylib
0x00000000048d1000 	/usr/lib/system/libcommonCrypto.dylib
0x00000000048d1000 	/usr/lib/system/libcompiler_rt.dylib
0x00000000048d1000 	/usr/lib/system/libcopyfile.dylib
0x00000000048d1000 	/usr/lib/system/libcorecrypto.dylib
0x00000000048d1000 	/usr/lib/system/libdispatch.dylib
0x00000000048d1000 	/usr/lib/system/libdyld.dylib
0x00000000048d1000 	/usr/lib/system/libkeymgr.dylib
0x00000000048d1000 	/usr/lib/system/liblaunch.dylib
0x00000000048d1000 	/usr/lib/system/libmacho.dylib
0x00000000048d1000 	/usr/lib/system/libquarantine.dylib
0x00000000048d1000 	/usr/lib/system/libremovefile.dylib
0x00000000048d1000 	/usr/lib/system/libsystem_asl.dylib
0x00000000048d1000 	/usr/lib/system/libsystem_blocks.dylib
0x00000000048d1000 	/usr/lib/system/libsystem_c.dylib
0x00000000048d1000 	/usr/lib/system/libsystem_configuration.dylib
0x00000000048d1000 	/usr/lib/system/libsystem_coreservices.dylib
0x00000000048d1000 	/usr/lib/system/libsystem_coretls.dylib
0x00000000048d1000 	/usr/lib/system/libsystem_dnssd.dylib
0x00000000048d1000 	/usr/lib/system/libsystem_info.dylib
0x00000000048d1000 	/usr/lib/system/libsystem_kernel.dylib
0x00000000048d1000 	/usr/lib/system/libsystem_m.dylib
0x00000000048d1000 	/usr/lib/system/libsystem_malloc.dylib
0x00000000048d1000 	/usr/lib/system/libsystem_network.dylib
0x00000000048d1000 	/usr/lib/system/libsystem_networkextension.dylib
0x00000000048d1000 	/usr/lib/system/libsystem_notify.dylib
0x00000000048d1000 	/usr/lib/system/libsystem_platform.dylib
0x00000000048d1000 	/usr/lib/system/libsystem_pthread.dylib
0x00000000048d1000 	/usr/lib/system/libsystem_sandbox.dylib
0x00000000048d1000 	/usr/lib/system/libsystem_secinit.dylib
0x00000000048d1000 	/usr/lib/system/libsystem_stats.dylib
0x00000000048d1000 	/usr/lib/system/libsystem_trace.dylib
0x00000000048d1000 	/usr/lib/system/libunc.dylib
0x00000000048d1000 	/usr/lib/system/libunwind.dylib
0x00000000048d1000 	/usr/lib/system/libxpc.dylib
0x00000000048d1000 	/usr/lib/libbz2.1.0.dylib
0x00000000048d1000 	/usr/lib/liblzma.5.dylib
0x00000000048d1000 	/usr/lib/libbsm.0.dylib
0x00000000048d1000 	/usr/lib/libsqlite3.dylib
0x00000000048d1000 	/usr/lib/system/libkxld.dylib
0x00000000048d1000 	/usr/lib/libxar.1.dylib
0x00000000048d1000 	/usr/lib/libpam.2.dylib
0x00000000048d1000 	/usr/lib/libOpenScriptingUtil.dylib
0x00000000048d1000 	/System/Library/Frameworks/CoreServices.framework/Versions/A/Frameworks/FSEvents.framework/Versions/A/FSEvents
0x00000000048d1000 	/System/Library/Frameworks/CoreServices.framework/Versions/A/Frameworks/CarbonCore.framework/Versions/A/CarbonCore
0x00000000048d1000 	/System/Library/Frameworks/CoreServices.framework/Versions/A/Frameworks/Metadata.framework/Versions/A/Metadata
0x00000000048d1000 	/System/Library/Frameworks/CoreServices.framework/Versions/A/Frameworks/OSServices.framework/Versions/A/OSServices
0x00000000048d1000 	/System/Library/Frameworks/CoreServices.framework/Versions/A/Frameworks/SearchKit.framework/Versions/A/SearchKit
0x00000000048d1000 	/System/Library/Frameworks/CoreServices.framework/Versions/A/Frameworks/AE.framework/Versions/A/AE
0x00000000048d1000 	/System/Library/Frameworks/CoreServices.framework/Versions/A/Frameworks/LaunchServices.framework/Versions/A/LaunchServices
0x00000000048d1000 	/System/Library/Frameworks/CoreServices.framework/Versions/A/Frameworks/DictionaryServices.framework/Versions/A/DictionaryServices
0x00000000048d1000 	/System/Library/Frameworks/NetFS.framework/Versions/A/NetFS
0x00000000048d1000 	/System/Library/PrivateFrameworks/NetAuth.framework/Versions/A/NetAuth
0x00000000048d1000 	/System/Library/PrivateFrameworks/login.framework/Versions/A/Frameworks/loginsupport.framework/Versions/A/loginsupport
0x00000000048d1000 	/System/Library/PrivateFrameworks/TCC.framework/Versions/A/TCC
0x00000000048d1000 	/usr/lib/libmecabra.dylib
0x00000000048d1000 	/System/Library/Frameworks/ApplicationServices.framework/Versions/A/Frameworks/ATS.framework/Versions/A/ATS
0x00000000048d1000 	/System/Library/Frameworks/ApplicationServices.framework/Versions/A/Frameworks/ColorSync.framework/Versions/A/ColorSync
0x00000000048d1000 	/System/Library/Frameworks/ApplicationServices.framework/Versions/A/Frameworks/HIServices.framework/Versions/A/HIServices
0x00000000048d1000 	/System/Library/Frameworks/ApplicationServices.framework/Versions/A/Frameworks/LangAnalysis.framework/Versions/A/LangAnalysis
0x00000000048d1000 	/System/Library/Frameworks/ApplicationServices.framework/Versions/A/Frameworks/PrintCore.framework/Versions/A/PrintCore
0x00000000048d1000 	/System/Library/Frameworks/ApplicationServices.framework/Versions/A/Frameworks/QD.framework/Versions/A/QD
0x00000000048d1000 	/System/Library/Frameworks/ApplicationServices.framework/Versions/A/Frameworks/SpeechSynthesis.framework/Versions/A/SpeechSynthesis
0x00000000048d1000 	/System/Library/Frameworks/Accelerate.framework/Versions/A/Accelerate
0x00000000048d1000 	/System/Library/Frameworks/Accelerate.framework/Versions/A/Frameworks/vImage.framework/Versions/A/vImage
0x00000000048d1000 	/System/Library/Frameworks/Accelerate.framework/Versions/A/Frameworks/vecLib.framework/Versions/A/vecLib
0x00000000048d1000 	/System/Library/Frameworks/Accelerate.framework/Versions/A/Frameworks/vecLib.framework/Versions/A/libvDSP.dylib
0x00000000048d1000 	/System/Library/Frameworks/Accelerate.framework/Versions/A/Frameworks/vecLib.framework/Versions/A/libvMisc.dylib
0x00000000048d1000 	/System/Library/Frameworks/Accelerate.framework/Versions/A/Frameworks/vecLib.framework/Versions/A/libLAPACK.dylib
0x00000000048d1000 	/System/Library/Frameworks/Accelerate.framework/Versions/A/Frameworks/vecLib.framework/Versions/A/libBLAS.dylib
0x00000000048d1000 	/System/Library/Frameworks/Accelerate.framework/Versions/A/Frameworks/vecLib.framework/Versions/A/libLinearAlgebra.dylib
0x00000000048d1000 	/System/Library/Frameworks/ApplicationServices.framework/Versions/A/Frameworks/ATS.framework/Versions/A/Resources/libFontParser.dylib
0x00000000048d1000 	/System/Library/Frameworks/ApplicationServices.framework/Versions/A/Frameworks/ATS.framework/Versions/A/Resources/libFontRegistry.dylib
0x00000000048d1000 	/System/Library/PrivateFrameworks/AppleVPA.framework/Versions/A/AppleVPA
0x00000000048d1000 	/System/Library/PrivateFrameworks/AppleJPEG.framework/Versions/A/AppleJPEG
0x00000000048d1000 	/System/Library/Frameworks/ImageIO.framework/Versions/A/Resources/libJPEG.dylib
0x00000000048d1000 	/System/Library/Frameworks/ImageIO.framework/Versions/A/Resources/libTIFF.dylib
0x00000000048d1000 	/System/Library/Frameworks/ImageIO.framework/Versions/A/Resources/libPng.dylib
0x00000000048d1000 	/System/Library/Frameworks/ImageIO.framework/Versions/A/Resources/libGIF.dylib
0x00000000048d1000 	/System/Library/Frameworks/ImageIO.framework/Versions/A/Resources/libJP2.dylib
0x00000000048d1000 	/System/Library/Frameworks/ImageIO.framework/Versions/A/Resources/libRadiance.dylib
0x00000000048d1000 	/System/Library/Frameworks/CoreVideo.framework/Versions/A/CoreVideo
0x00000000048d1000 	/System/Library/Frameworks/OpenGL.framework/Versions/A/Libraries/libGLU.dylib
0x00000000048d1000 	/System/Library/Frameworks/OpenGL.framework/Versions/A/Libraries/libGFXShared.dylib
0x00000000048d1000 	/System/Library/Frameworks/OpenGL.framework/Versions/A/Libraries/libGL.dylib
0x00000000048d1000 	/System/Library/Frameworks/OpenGL.framework/Versions/A/Libraries/libGLImage.dylib
0x00000000048d1000 	/System/Library/Frameworks/OpenGL.framework/Versions/A/Libraries/libCVMSPluginSupport.dylib
0x00000000048d1000 	/System/Library/Frameworks/OpenGL.framework/Versions/A/Libraries/libCoreVMClient.dylib
0x00000000048d1000 	/usr/lib/libcups.2.dylib
0x00000000048d1000 	/System/Library/Frameworks/Kerberos.framework/Versions/A/Kerberos
0x00000000048d1000 	/System/Library/Frameworks/GSS.framework/Versions/A/GSS
0x00000000048d1000 	/usr/lib/libresolv.9.dylib
0x00000000048d1000 	/usr/lib/libiconv.2.dylib
0x00000000048d1000 	/System/Library/PrivateFrameworks/Heimdal.framework/Versions/A/Heimdal
0x00000000048d1000 	/usr/lib/libheimdal-asn1.dylib
0x00000000048d1000 	/System/Library/Frameworks/OpenDirectory.framework/Versions/A/OpenDirectory
0x00000000048d1000 	/System/Library/PrivateFrameworks/CommonAuth.framework/Versions/A/CommonAuth
0x00000000048d1000 	/System/Library/Frameworks/OpenDirectory.framework/Versions/A/Frameworks/CFOpenDirectory.framework/Versions/A/CFOpenDirectory
0x00000000048d1000 	/System/Library/Frameworks/SecurityFoundation.framework/Versions/A/SecurityFoundation
0x00000000048d1000 	/System/Library/PrivateFrameworks/LanguageModeling.framework/Versions/A/LanguageModeling
0x00000000048d1000 	/usr/lib/libcmph.dylib
0x00000000048d1000 	/System/Library/Frameworks/ServiceManagement.framework/Versions/A/ServiceManagement
0x00000000048d1000 	/usr/lib/libxslt.1.dylib
0x00000000048d1000 	/System/Library/Frameworks/Carbon.framework/Versions/A/Frameworks/Ink.framework/Versions/A/Ink
0x00000000048d1000 	/System/Library/Frameworks/QuartzCore.framework/Versions/A/Frameworks/CoreImage.framework/Versions/A/CoreImage
0x00000000048d1000 	/System/Library/PrivateFrameworks/CrashReporterSupport.framework/Versions/A/CrashReporterSupport
0x00000000048d1000 	/System/Library/Frameworks/OpenCL.framework/Versions/A/OpenCL
0x00000000048d1000 	/System/Library/PrivateFrameworks/FaceCore.framework/Versions/A/FaceCore
0x00000000048d1000 	/System/Library/PrivateFrameworks/Ubiquity.framework/Versions/A/Ubiquity
0x00000000048d1000 	/System/Library/PrivateFrameworks/IconServices.framework/Versions/A/IconServices
0x00000000048d1000 	/System/Library/PrivateFrameworks/ChunkingLibrary.framework/Versions/A/ChunkingLibrary
0x00000000048d1000 	/System/Library/PrivateFrameworks/Apple80211.framework/Versions/A/Apple80211
0x00000000048d1000 	/System/Library/Frameworks/CoreWLAN.framework/Versions/A/CoreWLAN
0x00000000048d1000 	/System/Library/Frameworks/IOBluetooth.framework/Versions/A/IOBluetooth
0x00000000048d1000 	/System/Library/PrivateFrameworks/CoreWiFi.framework/Versions/A/CoreWiFi
0x00000000048d1000 	/System/Library/Frameworks/CoreBluetooth.framework/Versions/A/CoreBluetooth
0x00000000048d1000 	/System/Library/PrivateFrameworks/DebugSymbols.framework/Versions/A/DebugSymbols
0x00000000048d1000 	/System/Library/PrivateFrameworks/CoreSymbolication.framework/Versions/A/CoreSymbolication
0x00000000048d1000 	/System/Library/PrivateFrameworks/Symbolication.framework/Versions/A/Symbolication
0x00000000048d1000 	/System/Library/PrivateFrameworks/SpeechRecognitionCore.framework/Versions/A/SpeechRecognitionCore
0x000000010da00000 	/Library/Java/JavaVirtualMachines/jdk1.8.0_20.jdk/Contents/Home/jre/lib/server/libjvm.dylib
0x00000000048d1000 	/usr/lib/libstdc++.6.dylib
0x000000010d1ca000 	/Library/Java/JavaVirtualMachines/jdk1.8.0_20.jdk/Contents/Home/jre/lib/libverify.dylib
0x000000010ea1e000 	/Library/Java/JavaVirtualMachines/jdk1.8.0_20.jdk/Contents/Home/jre/lib/libjava.dylib
0x000000010d1e2000 	/Library/Java/JavaVirtualMachines/jdk1.8.0_20.jdk/Contents/Home/jre/lib/libzip.dylib
0x0000000124ac6000 	/System/Library/Frameworks/JavaVM.framework/Frameworks/JavaRuntimeSupport.framework/JavaRuntimeSupport
0x0000000124ade000 	/System/Library/Frameworks/JavaVM.framework/Versions/A/Frameworks/JavaNativeFoundation.framework/Versions/A/JavaNativeFoundation
0x000000010d1ec000 	/System/Library/Frameworks/JavaVM.framework/Versions/A/JavaVM
0x00000000048d1000 	/System/Library/Frameworks/Carbon.framework/Versions/A/Carbon
0x0000000124af3000 	/System/Library/PrivateFrameworks/JavaLaunching.framework/Versions/A/JavaLaunching
0x00000000048d1000 	/System/Library/Frameworks/Carbon.framework/Versions/A/Frameworks/CommonPanels.framework/Versions/A/CommonPanels
0x00000000048d1000 	/System/Library/Frameworks/Carbon.framework/Versions/A/Frameworks/Help.framework/Versions/A/Help
0x00000000048d1000 	/System/Library/Frameworks/Carbon.framework/Versions/A/Frameworks/ImageCapture.framework/Versions/A/ImageCapture
0x00000000048d1000 	/System/Library/Frameworks/Carbon.framework/Versions/A/Frameworks/OpenScripting.framework/Versions/A/OpenScripting
0x00000000048d1000 	/System/Library/Frameworks/Carbon.framework/Versions/A/Frameworks/Print.framework/Versions/A/Print
0x00000000048d1000 	/System/Library/Frameworks/Carbon.framework/Versions/A/Frameworks/SecurityHI.framework/Versions/A/SecurityHI
0x0000000126bb1000 	/Library/Java/JavaVirtualMachines/jdk1.8.0_20.jdk/Contents/Home/jre/lib/libprism_es2.dylib
0x00000000048d1000 	/System/Library/Frameworks/OpenGL.framework/Versions/A/Resources/GLEngine.bundle/GLEngine
0x00000000048d1000 	/System/Library/Frameworks/OpenGL.framework/Versions/A/Libraries/libGLProgrammability.dylib
0x0000000000000000 	/System/Library/Extensions/AppleIntelHD3000GraphicsGLDriver.bundle/Contents/MacOS/AppleIntelHD3000GraphicsGLDriver
0x0000000126c32000 	/System/Library/PrivateFrameworks/GPUSupport.framework/Versions/A/Libraries/libGPUSupport.dylib
0x00000000048d1000 	/System/Library/Frameworks/OpenGL.framework/Versions/A/Resources/GLRendererFloat.bundle/GLRendererFloat
0x00000000048d1000 	/System/Library/Frameworks/OpenCL.framework/Versions/A/Libraries/libcldcpuengine.dylib
0x00000000048d1000 	/System/Library/PrivateFrameworks/DiskImages.framework/Versions/A/DiskImages
0x00000000048d1000 	/System/Library/Frameworks/DiscRecording.framework/Versions/A/DiscRecording
0x00000000048d1000 	/usr/lib/libcsfde.dylib
0x00000000048d1000 	/usr/lib/libcurl.4.dylib
0x00000000048d1000 	/System/Library/PrivateFrameworks/MediaKit.framework/Versions/A/MediaKit
0x00000000048d1000 	/System/Library/PrivateFrameworks/ProtectedCloudStorage.framework/Versions/A/ProtectedCloudStorage
0x00000000048d1000 	/usr/lib/libCoreStorage.dylib
0x00000000048d1000 	/System/Library/PrivateFrameworks/EFILogin.framework/Versions/A/EFILogin
0x00000000048d1000 	/usr/lib/libutil.dylib
0x00000000048d1000 	/System/Library/PrivateFrameworks/FindMyDevice.framework/Versions/A/FindMyDevice
0x00000000048d1000 	/System/Library/Frameworks/LDAP.framework/Versions/A/LDAP
0x00000000048d1000 	/usr/lib/libsasl2.2.dylib
0x00000000048d1000 	/System/Library/PrivateFrameworks/CoreDaemon.framework/Versions/B/CoreDaemon
0x00000000048d1000 	/usr/lib/libcrypto.0.9.8.dylib
0x00000000048d1000 	/System/Library/PrivateFrameworks/AppleSRP.framework/Versions/A/AppleSRP
0x00000000048d1000 	/System/Library/PrivateFrameworks/TrustEvaluationAgent.framework/Versions/A/TrustEvaluationAgent
0x0000000126e27000 	/Library/Java/JavaVirtualMachines/jdk1.8.0_20.jdk/Contents/Home/jre/lib/libglass.dylib
0x00000000048d1000 	/System/Library/PrivateFrameworks/CoreServicesInternal.framework/Versions/A/CoreServicesInternal
0x00000000048d1000 	/System/Library/PrivateFrameworks/CloudDocs.framework/Versions/A/CloudDocs
0x00000000048d1000 	/System/Library/PrivateFrameworks/CoreDuet.framework/Versions/A/CoreDuet
0x00000000048d1000 	/System/Library/Frameworks/CloudKit.framework/Versions/A/CloudKit
0x00000000048d1000 	/System/Library/PrivateFrameworks/ProtocolBuffer.framework/Versions/A/ProtocolBuffer
0x00000000048d1000 	/System/Library/PrivateFrameworks/CoreDuetDaemonProtocol.framework/Versions/A/CoreDuetDaemonProtocol
0x00000000048d1000 	/System/Library/PrivateFrameworks/CoreDuetDebugLogging.framework/Versions/A/CoreDuetDebugLogging
0x00000000048d1000 	/System/Library/PrivateFrameworks/MMCS.framework/Versions/A/MMCS
0x00000000048d1000 	/System/Library/Frameworks/CoreLocation.framework/Versions/A/CoreLocation
0x00000000048d1000 	/System/Library/PrivateFrameworks/GeoServices.framework/Versions/A/GeoServices
0x00000000048d1000 	/System/Library/Frameworks/CoreGraphics.framework/Versions/A/Resources/libCGCMS.A.dylib
0x00000001288bf000 	/System/Library/CoreServices/RawCamera.bundle/Contents/MacOS/RawCamera
0x00000000048d1000 	/System/Library/Frameworks/CoreGraphics.framework/Versions/A/Resources/libRIP.A.dylib
0x00000000048d1000 	/System/Library/PrivateFrameworks/FamilyControls.framework/Versions/A/FamilyControls
0x00000000048d1000 	/System/Library/PrivateFrameworks/CommerceKit.framework/Versions/A/Frameworks/CommerceCore.framework/Versions/A/CommerceCore
0x00000000048d1000 	/System/Library/PrivateFrameworks/SystemAdministration.framework/Versions/A/SystemAdministration
0x00000000048d1000 	/System/Library/PrivateFrameworks/AppContainer.framework/Versions/A/AppContainer
0x00000000048d1000 	/System/Library/PrivateFrameworks/SecCodeWrapper.framework/Versions/A/SecCodeWrapper
0x00000000048d1000 	/System/Library/Frameworks/DirectoryService.framework/Versions/A/DirectoryService
0x00000000048d1000 	/System/Library/PrivateFrameworks/LoginUIKit.framework/Versions/A/Frameworks/LoginUICore.framework/Versions/A/LoginUICore
0x00000000048d1000 	/usr/lib/libodfde.dylib

VM Arguments:
jvm_args: -Dfile.encoding=UTF-8 
java_command: application.Main
java_class_path (initial): /Users/Maqix/Documents/workspace/CarLoan/bin:/Users/Maqix/.p2/pool/plugins/org.eclipse.fx.ide.css.jfx8_2.0.0.201506111511.jar
Launcher Type: SUN_STANDARD

Environment Variables:
PATH=/usr/bin:/bin:/usr/sbin:/sbin
SHELL=/bin/bash

Signal Handlers:
SIGSEGV: [libjvm.dylib+0x578fd7], sa_mask[0]=11111111011111110111111111111111, sa_flags=SA_ONSTACK|SA_RESTART|SA_SIGINFO
SIGBUS: [libjvm.dylib+0x578fd7], sa_mask[0]=11111111011111110111111111111111, sa_flags=SA_RESTART|SA_SIGINFO
SIGFPE: [libjvm.dylib+0x45ab0c], sa_mask[0]=11111111011111110111111111111111, sa_flags=SA_RESTART|SA_SIGINFO
SIGPIPE: [libjvm.dylib+0x45ab0c], sa_mask[0]=11111111011111110111111111111111, sa_flags=SA_RESTART|SA_SIGINFO
SIGXFSZ: [libjvm.dylib+0x45ab0c], sa_mask[0]=11111111011111110111111111111111, sa_flags=SA_RESTART|SA_SIGINFO
SIGILL: [libjvm.dylib+0x45ab0c], sa_mask[0]=11111111011111110111111111111111, sa_flags=SA_RESTART|SA_SIGINFO
SIGUSR1: SIG_DFL, sa_mask[0]=00000000000000000000000000000000, sa_flags=none
SIGUSR2: [libjvm.dylib+0x45a62a], sa_mask[0]=00100000000000000000000000000000, sa_flags=SA_RESTART|SA_SIGINFO
SIGHUP: [libjvm.dylib+0x458bfd], sa_mask[0]=11111111011111110111111111111111, sa_flags=SA_RESTART|SA_SIGINFO
SIGINT: [libjvm.dylib+0x458bfd], sa_mask[0]=11111111011111110111111111111111, sa_flags=SA_RESTART|SA_SIGINFO
SIGTERM: [libjvm.dylib+0x458bfd], sa_mask[0]=11111111011111110111111111111111, sa_flags=SA_RESTART|SA_SIGINFO
SIGQUIT: [libjvm.dylib+0x458bfd], sa_mask[0]=11111111011111110111111111111111, sa_flags=SA_RESTART|SA_SIGINFO


---------------  S Y S T E M  ---------------

OS:Bsduname:Darwin 14.4.0 Darwin Kernel Version 14.4.0: Thu May 28 11:19:19 PDT 2015; root:xnu-2782.30.5~2/RELEASE_X86_64 x86_64
rlimit: STACK 8192k, CORE 0k, NPROC 709, NOFILE 10240, AS infinity
load average:3.03 2.53 2.13

CPU:total 4 (2 cores per cpu, 2 threads per core) family 6 model 42 stepping 7, cmov, cx8, fxsr, mmx, sse, sse2, sse3, ssse3, sse4.1, sse4.2, popcnt, avx, aes, clmul, ht, tsc, tscinvbit

Memory: 4k page, physical 8388608k(445636k free)

/proc/meminfo:


vm_info: Java HotSpot(TM) 64-Bit Server VM (25.20-b23) for bsd-amd64 JRE (1.8.0_20-b26), built on Jul 30 2014 13:37:47 by "java_re" with gcc 4.2.1 (Based on Apple Inc. build 5658) (LLVM build 2336.9.00)

time: Mon Oct 19 12:08:27 2015
elapsed time: 0 seconds (0d 0h 0m 0s)

